  PlayerPlatform.cpp
F:\DragonsLakeInternshipTestTask\2022_win64\PlayerPlatform.cpp(20,22): warning C4244: '=': conversion from 'double' to 'int', possible loss of data
F:\DragonsLakeInternshipTestTask\2022_win64\PlayerPlatform.cpp(21,22): warning C4244: '=': conversion from 'double' to 'int', possible loss of data
F:\DragonsLakeInternshipTestTask\2022_win64\PlayerPlatform.cpp(23,20): warning C4244: 'argument': conversion from 'double' to 'int', possible loss of data
F:\DragonsLakeInternshipTestTask\2022_win64\PlayerPlatform.cpp(23,10): warning C4244: 'argument': conversion from 'double' to 'int', possible loss of data
F:\DragonsLakeInternshipTestTask\2022_win64\PlayerPlatform.cpp(35,42): warning C4244: 'argument': conversion from 'double' to 'int', possible loss of data
F:\DragonsLakeInternshipTestTask\2022_win64\PlayerPlatform.cpp(35,27): warning C4244: 'argument': conversion from 'double' to 'int', possible loss of data
F:\DragonsLakeInternshipTestTask\2022_win64\PlayerPlatform.cpp(36,56): warning C4244: 'argument': conversion from 'double' to 'int', possible loss of data
F:\DragonsLakeInternshipTestTask\2022_win64\PlayerPlatform.cpp(36,50): warning C4244: 'argument': conversion from 'double' to 'int', possible loss of data
F:\DragonsLakeInternshipTestTask\2022_win64\PlayerPlatform.cpp(49,39): warning C4244: 'argument': conversion from 'double' to 'int', possible loss of data
F:\DragonsLakeInternshipTestTask\2022_win64\PlayerPlatform.cpp(50,56): warning C4244: 'argument': conversion from 'double' to 'int', possible loss of data
F:\DragonsLakeInternshipTestTask\2022_win64\PlayerPlatform.cpp(51,51): warning C4244: 'argument': conversion from 'double' to 'int', possible loss of data
F:\DragonsLakeInternshipTestTask\2022_win64\PlayerPlatform.cpp(66,10): warning C4244: 'argument': conversion from 'double' to 'int', possible loss of data
F:\DragonsLakeInternshipTestTask\2022_win64\PlayerPlatform.cpp(132,60): warning C4244: 'argument': conversion from 'float' to 'int', possible loss of data
F:\DragonsLakeInternshipTestTask\2022_win64\PlayerPlatform.cpp(133,82): warning C4244: 'argument': conversion from 'float' to 'int', possible loss of data
F:\DragonsLakeInternshipTestTask\2022_win64\PlayerPlatform.cpp(133,64): warning C4244: 'argument': conversion from 'double' to 'int', possible loss of data
F:\DragonsLakeInternshipTestTask\2022_win64\PlayerPlatform.cpp(139,9): warning C4244: 'return': conversion from 'double' to 'int', possible loss of data
F:\DragonsLakeInternshipTestTask\2022_win64\PlayerPlatform.cpp(143,19): warning C4244: 'return': conversion from 'float' to 'int', possible loss of data
F:\DragonsLakeInternshipTestTask\2022_win64\PlayerPlatform.cpp(147,19): warning C4244: 'return': conversion from 'float' to 'int', possible loss of data
  InternshipTaskDragonsLake.vcxproj -> F:\DragonsLakeInternshipTestTask\2022_win64\x64\Debug\InternshipTaskDragonsLake.exe
